<?xml version="1.0" encoding="UTF-8"?>
<beans xmlns="http://www.springframework.org/schema/beans"
	xmlns:xsi="http://www.w3.org/2001/XMLSchema-instance" xmlns:context="http://www.springframework.org/schema/context"
	xmlns:jee="http://www.springframework.org/schema/jee" xmlns:tx="http://www.springframework.org/schema/tx"
	xmlns:jaxrs="http://cxf.apache.org/jaxrs"
	xsi:schemaLocation="http://www.springframework.org/schema/beans http://www.springframework.org/schema/beans/spring-beans-2.5.xsd
    http://www.springframework.org/schema/jee http://www.springframework.org/schema/jee/spring-jee-2.5.xsd
    http://www.springframework.org/schema/tx http://www.springframework.org/schema/tx/spring-tx-2.5.xsd
    http://cxf.apache.org/jaxrs http://cxf.apache.org/schemas/jaxrs.xsd
    http://www.springframework.org/schema/context  http://www.springframework.org/schema/context/spring-context-2.5.xsd">

	<import resource="test-properties.xml" />
	
	<context:annotation-config />
	<context:component-scan base-package="com.discovery.dis" />

	<bean name="weighingDisIntegration" id="weighingDisIntegration"
		class="com.discovery.dis.integration.WeighingDisIntegration" >
		<constructor-arg value="${weighingDisIntegration.dev}"></constructor-arg>
		<constructor-arg value="${weighingDisIntegration.exemysPort}"></constructor-arg>
	</bean>
	
	<bean name="tosIntegration" id="tosIntegration"
		class="com.discovery.dis.integration.TosIntegration" />

</beans>
